GAS LISTING /tmp/cchzOdXy.s 			page 1


   1              		.file	"main.cpp"
   2              		.option pic
   3              		.option norelax
   4              		.text
   5              	.Ltext0:
   6              		.section	.rodata.str1.8,"aMS",@progbits,1
   7              		.align	3
   8              	.LC0:
   9 0000 5A617672 		.string	"Zavrsio"
   9      73696F00 
  10              		.text
  11              		.align	2
  12              		.globl	_Z11wrapperUserPv
  14              	_Z11wrapperUserPv:
  15              	.LFB37:
  16              		.file 1 "src/main.cpp"
   1:src/main.cpp  **** #include "../h/tcb.hpp"
   2:src/main.cpp  **** //#include "../h/workers.hpp"
   3:src/main.cpp  **** //#include "../h/print.hpp"
   4:src/main.cpp  **** #include "../h/riscv.hpp"
   5:src/main.cpp  **** #include "../h/syscall_c.h"
   6:src/main.cpp  **** #include "../h/userMain.hpp"
   7:src/main.cpp  **** #include "../test/printing.hpp"
   8:src/main.cpp  **** #include "../h/MemoryAllocator.hpp"
   9:src/main.cpp  **** 
  10:src/main.cpp  **** int b = 0;
  11:src/main.cpp  **** void wrapperUser(void* arg){
  17              		.loc 1 11 28
  18              		.cfi_startproc
  19              	.LVL0:
  20 0000 130101FF 		addi	sp,sp,-16
  21              		.cfi_def_cfa_offset 16
  22 0004 23341100 		sd	ra,8(sp)
  23 0008 23308100 		sd	s0,0(sp)
  24              		.cfi_offset 1, -8
  25              		.cfi_offset 8, -16
  26 000c 13040101 		addi	s0,sp,16
  27              		.cfi_def_cfa 8, 0
  12:src/main.cpp  ****     userMain();
  28              		.loc 1 12 5
  29              		.loc 1 12 13 is_stmt 0
  30 0010 97000000 		call	_Z8userMainv@plt
  30      E7800000 
  31              	.LVL1:
  13:src/main.cpp  ****     printString("Zavrsio");
  32              		.loc 1 13 5 is_stmt 1
  33              		.loc 1 13 16 is_stmt 0
  34 0018 17050000 		lla	a0,.LC0
  34      13050500 
  35 0020 97000000 		call	_Z11printStringPKc@plt
  35      E7800000 
  36              	.LVL2:
  14:src/main.cpp  ****     b = 1;
  37              		.loc 1 14 5 is_stmt 1
  38              		.loc 1 14 7 is_stmt 0
  39 0028 93071000 		li	a5,1
  40 002c 17070000 		sw	a5,.LANCHOR0,a4
GAS LISTING /tmp/cchzOdXy.s 			page 2


  40      2320F700 
  15:src/main.cpp  **** }
  41              		.loc 1 15 1
  42 0034 83308100 		ld	ra,8(sp)
  43              		.cfi_restore 1
  44 0038 03340100 		ld	s0,0(sp)
  45              		.cfi_restore 8
  46              		.cfi_def_cfa 2, 16
  47 003c 13010101 		addi	sp,sp,16
  48              		.cfi_def_cfa_offset 0
  49 0040 67800000 		jr	ra
  50              		.cfi_endproc
  51              	.LFE37:
  53              		.section	.rodata.str1.8
  54              		.align	3
  55              	.LC1:
  56 0008 6D61696E 		.string	"mainStarted\n"
  56      53746172 
  56      7465640A 
  56      00
  57              		.text
  58              		.align	2
  59              		.globl	main
  61              	main:
  62              	.LFB38:
  16:src/main.cpp  **** 
  17:src/main.cpp  **** int main()
  18:src/main.cpp  **** {
  63              		.loc 1 18 1 is_stmt 1
  64              		.cfi_startproc
  65 0044 130101FD 		addi	sp,sp,-48
  66              		.cfi_def_cfa_offset 48
  67 0048 23341102 		sd	ra,40(sp)
  68 004c 23308102 		sd	s0,32(sp)
  69 0050 233C9100 		sd	s1,24(sp)
  70 0054 23382101 		sd	s2,16(sp)
  71              		.cfi_offset 1, -8
  72              		.cfi_offset 8, -16
  73              		.cfi_offset 9, -24
  74              		.cfi_offset 18, -32
  75 0058 13040103 		addi	s0,sp,48
  76              		.cfi_def_cfa 8, 0
  19:src/main.cpp  ****     MemoryAllocator::mem_init();
  77              		.loc 1 19 5
  78              		.loc 1 19 30 is_stmt 0
  79 005c 97000000 		call	_ZN15MemoryAllocator8mem_initEv@plt
  79      E7800000 
  80              	.LVL3:
  20:src/main.cpp  ****     printString("mainStarted\n");
  81              		.loc 1 20 5 is_stmt 1
  82              		.loc 1 20 16 is_stmt 0
  83 0064 17050000 		lla	a0,.LC1
  83      13050500 
  84 006c 97000000 		call	_Z11printStringPKc@plt
  84      E7800000 
  85              	.LVL4:
  21:src/main.cpp  ****     TCB* mainKernelThread = TCB::createThread(nullptr,nullptr,nullptr);
GAS LISTING /tmp/cchzOdXy.s 			page 3


  86              		.loc 1 21 5 is_stmt 1
  87              		.loc 1 21 46 is_stmt 0
  88 0074 13060000 		li	a2,0
  89 0078 93050000 		li	a1,0
  90 007c 13050000 		li	a0,0
  91 0080 97000000 		call	_ZN3TCB12createThreadEPFvPvES0_Pm@plt
  91      E7800000 
  92              	.LVL5:
  93 0088 13090500 		mv	s2,a0
  94              	.LVL6:
  22:src/main.cpp  ****     TCB* idleThread = TCB::createIdleThread(TCB::idleWrapper);
  95              		.loc 1 22 5 is_stmt 1
  96              		.loc 1 22 44 is_stmt 0
  97 008c 17050000 		la	a0,_ZN3TCB11idleWrapperEPv
  97      03350500 
  98              	.LVL7:
  99 0094 97000000 		call	_ZN3TCB16createIdleThreadEPFvPvE@plt
  99      E7800000 
 100              	.LVL8:
 101 009c 93040500 		mv	s1,a0
 102              	.LVL9:
  23:src/main.cpp  **** 
  24:src/main.cpp  ****     Riscv::w_stvec((uint64) &Riscv::supervisorTrap);
 103              		.loc 1 24 5 is_stmt 1
 104              		.loc 1 24 19 is_stmt 0
 105 00a0 97070000 		la	a5,_ZN5Riscv14supervisorTrapEv
 105      83B70700 
 106              	.LVL10:
 107              	.LBB16:
 108              	.LBB17:
 109              		.file 2 "src/../h/riscv.hpp"
   1:src/../h/riscv.hpp **** //
   2:src/../h/riscv.hpp **** // Created by marko on 20.4.22..
   3:src/../h/riscv.hpp **** //
   4:src/../h/riscv.hpp **** 
   5:src/../h/riscv.hpp **** #ifndef OS1_VEZBE07_RISCV_CONTEXT_SWITCH_2_INTERRUPT_RISCV_HPP
   6:src/../h/riscv.hpp **** #define OS1_VEZBE07_RISCV_CONTEXT_SWITCH_2_INTERRUPT_RISCV_HPP
   7:src/../h/riscv.hpp **** 
   8:src/../h/riscv.hpp **** #include "../lib/hw.h"
   9:src/../h/riscv.hpp **** 
  10:src/../h/riscv.hpp **** 
  11:src/../h/riscv.hpp **** 
  12:src/../h/riscv.hpp **** class Riscv
  13:src/../h/riscv.hpp **** {
  14:src/../h/riscv.hpp **** public:
  15:src/../h/riscv.hpp **** 
  16:src/../h/riscv.hpp ****     // pop sstatus.spp and sstatus.spie bits (has to be a non inline function)
  17:src/../h/riscv.hpp ****     static void popSppSpie();
  18:src/../h/riscv.hpp **** 
  19:src/../h/riscv.hpp ****     // read register scause
  20:src/../h/riscv.hpp ****     static uint64 r_scause();
  21:src/../h/riscv.hpp **** 
  22:src/../h/riscv.hpp ****     // write register scause
  23:src/../h/riscv.hpp ****     static void w_scause(uint64 scause);
  24:src/../h/riscv.hpp **** 
  25:src/../h/riscv.hpp ****     // read register sepc
  26:src/../h/riscv.hpp ****     static uint64 r_sepc();
GAS LISTING /tmp/cchzOdXy.s 			page 4


  27:src/../h/riscv.hpp **** 
  28:src/../h/riscv.hpp ****     // write register sepc
  29:src/../h/riscv.hpp ****     static void w_sepc(uint64 sepc);
  30:src/../h/riscv.hpp **** 
  31:src/../h/riscv.hpp ****     // read register stvec
  32:src/../h/riscv.hpp ****     static uint64 r_stvec();
  33:src/../h/riscv.hpp **** 
  34:src/../h/riscv.hpp ****     // write register stvec
  35:src/../h/riscv.hpp ****     static void w_stvec(uint64 stvec);
  36:src/../h/riscv.hpp **** 
  37:src/../h/riscv.hpp ****     // read register stval
  38:src/../h/riscv.hpp ****     static uint64 r_stval();
  39:src/../h/riscv.hpp **** 
  40:src/../h/riscv.hpp ****     // write register stval
  41:src/../h/riscv.hpp ****     static void w_stval(uint64 stval);
  42:src/../h/riscv.hpp **** 
  43:src/../h/riscv.hpp ****     enum BitMaskSip
  44:src/../h/riscv.hpp ****     {
  45:src/../h/riscv.hpp ****         SIP_SSIP = (1 << 1),
  46:src/../h/riscv.hpp ****         SIP_STIP = (1 << 5),
  47:src/../h/riscv.hpp ****         SIP_SEIP = (1 << 9),
  48:src/../h/riscv.hpp ****     };
  49:src/../h/riscv.hpp **** 
  50:src/../h/riscv.hpp ****     // mask set register sip
  51:src/../h/riscv.hpp ****     static void ms_sip(uint64 mask);
  52:src/../h/riscv.hpp **** 
  53:src/../h/riscv.hpp ****     // mask clear register sip
  54:src/../h/riscv.hpp ****     static void mc_sip(uint64 mask);
  55:src/../h/riscv.hpp **** 
  56:src/../h/riscv.hpp ****     // read register sip
  57:src/../h/riscv.hpp ****     static uint64 r_sip();
  58:src/../h/riscv.hpp **** 
  59:src/../h/riscv.hpp ****     // write register sip
  60:src/../h/riscv.hpp ****     static void w_sip(uint64 sip);
  61:src/../h/riscv.hpp **** 
  62:src/../h/riscv.hpp ****     enum BitMaskSstatus
  63:src/../h/riscv.hpp ****     {
  64:src/../h/riscv.hpp ****         SSTATUS_SIE = (1 << 1),
  65:src/../h/riscv.hpp ****         SSTATUS_SPIE = (1 << 5),
  66:src/../h/riscv.hpp ****         SSTATUS_SPP = (1 << 8),
  67:src/../h/riscv.hpp ****     };
  68:src/../h/riscv.hpp **** 
  69:src/../h/riscv.hpp ****     // mask set register sstatus
  70:src/../h/riscv.hpp ****     static void ms_sstatus(uint64 mask);
  71:src/../h/riscv.hpp **** 
  72:src/../h/riscv.hpp ****     // mask clear register sstatus
  73:src/../h/riscv.hpp ****     static void mc_sstatus(uint64 mask);
  74:src/../h/riscv.hpp **** 
  75:src/../h/riscv.hpp ****     // read register sstatus
  76:src/../h/riscv.hpp ****     static uint64 r_sstatus();
  77:src/../h/riscv.hpp **** 
  78:src/../h/riscv.hpp ****     // write register sstatus
  79:src/../h/riscv.hpp ****     static void w_sstatus(uint64 sstatus);
  80:src/../h/riscv.hpp **** 
  81:src/../h/riscv.hpp ****     // supervisor trap
  82:src/../h/riscv.hpp ****     static void supervisorTrap();
  83:src/../h/riscv.hpp **** 
GAS LISTING /tmp/cchzOdXy.s 			page 5


  84:src/../h/riscv.hpp ****     static void privilege();
  85:src/../h/riscv.hpp **** 
  86:src/../h/riscv.hpp **** private:
  87:src/../h/riscv.hpp **** 
  88:src/../h/riscv.hpp ****     // supervisor trap handler
  89:src/../h/riscv.hpp ****     static void handleSupervisorTrap();
  90:src/../h/riscv.hpp **** 
  91:src/../h/riscv.hpp ****     static void loadArgsFromRegs(uint64 *arguments);
  92:src/../h/riscv.hpp **** 
  93:src/../h/riscv.hpp ****     static void w_retval(uint64);
  94:src/../h/riscv.hpp **** 
  95:src/../h/riscv.hpp ****     static uint64 systemCall(uint64* args);
  96:src/../h/riscv.hpp **** };
  97:src/../h/riscv.hpp **** 
  98:src/../h/riscv.hpp **** inline uint64 Riscv::r_scause()
  99:src/../h/riscv.hpp **** {
 100:src/../h/riscv.hpp ****     uint64 volatile scause;
 101:src/../h/riscv.hpp ****     __asm__ volatile ("csrr %[scause], scause" : [scause] "=r"(scause));
 102:src/../h/riscv.hpp ****     return scause;
 103:src/../h/riscv.hpp **** }
 104:src/../h/riscv.hpp **** 
 105:src/../h/riscv.hpp **** inline void Riscv::w_scause(uint64 scause)
 106:src/../h/riscv.hpp **** {
 107:src/../h/riscv.hpp ****     __asm__ volatile ("csrw scause, %[scause]" : : [scause] "r"(scause));
 108:src/../h/riscv.hpp **** }
 109:src/../h/riscv.hpp **** 
 110:src/../h/riscv.hpp **** inline uint64 Riscv::r_sepc()
 111:src/../h/riscv.hpp **** {
 112:src/../h/riscv.hpp ****     uint64 volatile sepc;
 113:src/../h/riscv.hpp ****     __asm__ volatile ("csrr %[sepc], sepc" : [sepc] "=r"(sepc));
 114:src/../h/riscv.hpp ****     return sepc;
 115:src/../h/riscv.hpp **** }
 116:src/../h/riscv.hpp **** 
 117:src/../h/riscv.hpp **** inline void Riscv::w_sepc(uint64 sepc)
 118:src/../h/riscv.hpp **** {
 119:src/../h/riscv.hpp ****     __asm__ volatile ("csrw sepc, %[sepc]" : : [sepc] "r"(sepc));
 120:src/../h/riscv.hpp **** }
 121:src/../h/riscv.hpp **** 
 122:src/../h/riscv.hpp **** inline uint64 Riscv::r_stvec()
 123:src/../h/riscv.hpp **** {
 124:src/../h/riscv.hpp ****     uint64 volatile stvec;
 125:src/../h/riscv.hpp ****     __asm__ volatile ("csrr %[stvec], stvec" : [stvec] "=r"(stvec));
 126:src/../h/riscv.hpp ****     return stvec;
 127:src/../h/riscv.hpp **** }
 128:src/../h/riscv.hpp **** 
 129:src/../h/riscv.hpp **** inline void Riscv::w_stvec(uint64 stvec)
 130:src/../h/riscv.hpp **** {
 131:src/../h/riscv.hpp ****     __asm__ volatile ("csrw stvec, %[stvec]" : : [stvec] "r"(stvec));
 110              		.loc 2 131 5 is_stmt 1
 111              		.loc 2 131 69 is_stmt 0
 112              	#APP
 113              	# 131 "src/../h/riscv.hpp" 1
 132              	}
 114              		csrw stvec, a5
 115              	# 0 "" 2
 116              	.LVL11:
 117              	#NO_APP
GAS LISTING /tmp/cchzOdXy.s 			page 6


 118              	.LBE17:
 119              	.LBE16:
  25:src/main.cpp  ****     Riscv::ms_sstatus(Riscv::SSTATUS_SIE);
 120              		.loc 1 25 5 is_stmt 1
 121              	.LBB18:
 122              	.LBB19:
 133:src/../h/riscv.hpp **** 
 134:src/../h/riscv.hpp **** inline uint64 Riscv::r_stval()
 135:src/../h/riscv.hpp **** {
 136:src/../h/riscv.hpp ****     uint64 volatile stval;
 137:src/../h/riscv.hpp ****     __asm__ volatile ("csrr %[stval], stval" : [stval] "=r"(stval));
 138:src/../h/riscv.hpp ****     return stval;
 139:src/../h/riscv.hpp **** }
 140:src/../h/riscv.hpp **** 
 141:src/../h/riscv.hpp **** inline void Riscv::w_stval(uint64 stval)
 142:src/../h/riscv.hpp **** {
 143:src/../h/riscv.hpp ****     __asm__ volatile ("csrw stval, %[stval]" : : [stval] "r"(stval));
 144:src/../h/riscv.hpp **** }
 145:src/../h/riscv.hpp **** 
 146:src/../h/riscv.hpp **** inline void Riscv::ms_sip(uint64 mask)
 147:src/../h/riscv.hpp **** {
 148:src/../h/riscv.hpp ****     __asm__ volatile ("csrs sip, %[mask]" : : [mask] "r"(mask));
 149:src/../h/riscv.hpp **** }
 150:src/../h/riscv.hpp **** 
 151:src/../h/riscv.hpp **** inline void Riscv::mc_sip(uint64 mask)
 152:src/../h/riscv.hpp **** {
 153:src/../h/riscv.hpp ****     __asm__ volatile ("csrc sip, %[mask]" : : [mask] "r"(mask));
 154:src/../h/riscv.hpp **** }
 155:src/../h/riscv.hpp **** 
 156:src/../h/riscv.hpp **** inline uint64 Riscv::r_sip()
 157:src/../h/riscv.hpp **** {
 158:src/../h/riscv.hpp ****     uint64 volatile sip;
 159:src/../h/riscv.hpp ****     __asm__ volatile ("csrr %[sip], sip" : [sip] "=r"(sip));
 160:src/../h/riscv.hpp ****     return sip;
 161:src/../h/riscv.hpp **** }
 162:src/../h/riscv.hpp **** 
 163:src/../h/riscv.hpp **** inline void Riscv::w_sip(uint64 sip)
 164:src/../h/riscv.hpp **** {
 165:src/../h/riscv.hpp ****     __asm__ volatile ("csrw sip, %[sip]" : : [sip] "r"(sip));
 166:src/../h/riscv.hpp **** }
 167:src/../h/riscv.hpp **** 
 168:src/../h/riscv.hpp **** inline void Riscv::ms_sstatus(uint64 mask)
 169:src/../h/riscv.hpp **** {
 170:src/../h/riscv.hpp ****     __asm__ volatile ("csrs sstatus, %[mask]" : : [mask] "r"(mask));
 123              		.loc 2 170 5
 124              		.loc 2 170 68 is_stmt 0
 125 00ac 93072000 		li	a5,2
 126              	#APP
 127              	# 170 "src/../h/riscv.hpp" 1
 171              	}
 128              		csrs sstatus, a5
 129              	# 0 "" 2
 130              	.LVL12:
 131              	#NO_APP
 132              	.LBE19:
 133              	.LBE18:
  26:src/main.cpp  **** 
GAS LISTING /tmp/cchzOdXy.s 			page 7


  27:src/main.cpp  **** 
  28:src/main.cpp  ****     thread_t user = nullptr;
 134              		.loc 1 28 5 is_stmt 1
 135              		.loc 1 28 14 is_stmt 0
 136 00b4 233C04FC 		sd	zero,-40(s0)
  29:src/main.cpp  ****     thread_create(&user,wrapperUser,nullptr);
 137              		.loc 1 29 5 is_stmt 1
 138              		.loc 1 29 18 is_stmt 0
 139 00b8 13060000 		li	a2,0
 140 00bc 97050000 		lla	a1,_Z11wrapperUserPv
 140      93850500 
 141 00c4 130584FD 		addi	a0,s0,-40
 142 00c8 97000000 		call	_Z13thread_createPP3TCBPFvPvES2_@plt
 142      E7800000 
 143              	.LVL13:
 144              	.L5:
  30:src/main.cpp  **** 
  31:src/main.cpp  **** //    thread_t thread1 = nullptr;
  32:src/main.cpp  **** //    int a = 0;
  33:src/main.cpp  **** //    int retval1 = thread_create(&thread1,workerBodyA,&a);
  34:src/main.cpp  **** //    printInteger(retval1);
  35:src/main.cpp  **** //
  36:src/main.cpp  **** //    thread_t thread2 = nullptr;
  37:src/main.cpp  **** //    int b = 500;
  38:src/main.cpp  **** //    int retval2 = thread_create(&thread2,workerBodyB,&b);
  39:src/main.cpp  **** //    printInteger(retval2);
  40:src/main.cpp  **** //
  41:src/main.cpp  **** //    thread_t thread3 = nullptr;
  42:src/main.cpp  **** //    int b1 = 300;
  43:src/main.cpp  **** //    int retval3 = thread_create(&thread3,workerBodyB,&b1);
  44:src/main.cpp  **** //    printInteger(retval3);
  45:src/main.cpp  **** //
  46:src/main.cpp  **** //    thread_t thread4 = nullptr;
  47:src/main.cpp  **** //    int b2 = 100;
  48:src/main.cpp  **** //    int retval4 = thread_create(&thread4,workerBodyB,&b2);
  49:src/main.cpp  **** //    printInteger(retval4);
  50:src/main.cpp  **** //
  51:src/main.cpp  **** //
  52:src/main.cpp  ****     while(b == 0){
 145              		.loc 1 52 5 is_stmt 1
 146              		.loc 1 52 13
 147 00d0 97070000 		lw	a5,.LANCHOR0
 147      83A70700 
 148 00d8 63980700 		bnez	a5,.L4
  53:src/main.cpp  ****         thread_dispatch();
 149              		.loc 1 53 9
 150              		.loc 1 53 24 is_stmt 0
 151 00dc 97000000 		call	_Z15thread_dispatchv@plt
 151      E7800000 
 152              	.LVL14:
 153 00e4 6FF0DFFE 		j	.L5
 154              	.L4:
  54:src/main.cpp  ****     }
  55:src/main.cpp  **** 
  56:src/main.cpp  ****     delete mainKernelThread;
 155              		.loc 1 56 5 is_stmt 1
 156              		.loc 1 56 28 is_stmt 0
GAS LISTING /tmp/cchzOdXy.s 			page 8


 157 00e8 63000902 		beqz	s2,.L6
 158              	.LVL15:
 159              	.LBB20:
 160              	.LBB21:
 161              		.file 3 "src/../h/tcb.hpp"
   1:src/../h/tcb.hpp **** //
   2:src/../h/tcb.hpp **** // Created by marko on 20.4.22..
   3:src/../h/tcb.hpp **** //
   4:src/../h/tcb.hpp **** 
   5:src/../h/tcb.hpp **** #ifndef OS1_VEZBE07_RISCV_CONTEXT_SWITCH_2_INTERRUPT_TCB_HPP
   6:src/../h/tcb.hpp **** #define OS1_VEZBE07_RISCV_CONTEXT_SWITCH_2_INTERRUPT_TCB_HPP
   7:src/../h/tcb.hpp **** 
   8:src/../h/tcb.hpp **** #include "../lib/hw.h"
   9:src/../h/tcb.hpp **** #include "scheduler.hpp"
  10:src/../h/tcb.hpp **** #include "MemoryAllocator.hpp"
  11:src/../h/tcb.hpp **** 
  12:src/../h/tcb.hpp **** enum Status
  13:src/../h/tcb.hpp **** {
  14:src/../h/tcb.hpp ****     FINISHED,
  15:src/../h/tcb.hpp ****     RUNNING,
  16:src/../h/tcb.hpp ****     READY,
  17:src/../h/tcb.hpp ****     CREATED,
  18:src/../h/tcb.hpp ****     WAITING,
  19:src/../h/tcb.hpp ****     SLEEPING,
  20:src/../h/tcb.hpp ****     IDLE
  21:src/../h/tcb.hpp **** };
  22:src/../h/tcb.hpp **** 
  23:src/../h/tcb.hpp **** // Thread Control Block
  24:src/../h/tcb.hpp **** class TCB
  25:src/../h/tcb.hpp **** {
  26:src/../h/tcb.hpp **** public:
  27:src/../h/tcb.hpp ****     ~TCB() { delete[] stack; }
 162              		.loc 3 27 14 is_stmt 1
 163              		.loc 3 27 23 is_stmt 0
 164 00ec 03350901 		ld	a0,16(s2)
 165              		.loc 3 27 28
 166 00f0 63060500 		beqz	a0,.L7
 167              		.loc 3 27 23
 168 00f4 97000000 		call	_ZdaPv@plt
 168      E7800000 
 169              	.LVL16:
 170              	.L7:
 171              	.LBE21:
 172              	.LBE20:
 173              	.LBB22:
 174              	.LBB23:
  28:src/../h/tcb.hpp **** 
  29:src/../h/tcb.hpp ****     uint64 getTimeSlice() const { return timeSlice; }
  30:src/../h/tcb.hpp **** 
  31:src/../h/tcb.hpp ****     using Body = void(*)(void*);
  32:src/../h/tcb.hpp **** 
  33:src/../h/tcb.hpp ****     static TCB* createThread(Body body,void *arg,uint64* stack);
  34:src/../h/tcb.hpp **** 
  35:src/../h/tcb.hpp ****     static TCB* createThreadNS(Body body,void *arg,uint64* stack);
  36:src/../h/tcb.hpp **** 
  37:src/../h/tcb.hpp ****     static TCB* createIdleThread(Body body);
  38:src/../h/tcb.hpp **** 
GAS LISTING /tmp/cchzOdXy.s 			page 9


  39:src/../h/tcb.hpp ****     int start();
  40:src/../h/tcb.hpp **** 
  41:src/../h/tcb.hpp ****     static TCB* running;
  42:src/../h/tcb.hpp **** 
  43:src/../h/tcb.hpp ****     static TCB* idle;
  44:src/../h/tcb.hpp **** 
  45:src/../h/tcb.hpp ****     static void idleWrapper(void*);
  46:src/../h/tcb.hpp **** 
  47:src/../h/tcb.hpp ****     void* operator new(size_t size) { return MemoryAllocator::alloc(size); }
  48:src/../h/tcb.hpp **** 
  49:src/../h/tcb.hpp ****     void operator delete(void *toDelete) { MemoryAllocator::freee(toDelete); }
 175              		.loc 3 49 44 is_stmt 1
 176              		.loc 3 49 66 is_stmt 0
 177 00fc 13050900 		mv	a0,s2
 178 0100 97000000 		call	_ZN15MemoryAllocator5freeeEPv@plt
 178      E7800000 
 179              	.LVL17:
 180              	.L6:
 181              	.LBE23:
 182              	.LBE22:
  57:src/main.cpp  ****     delete idleThread;
 183              		.loc 1 57 5 is_stmt 1
 184              		.loc 1 57 22 is_stmt 0
 185 0108 63800402 		beqz	s1,.L8
 186              	.LVL18:
 187              	.LBB24:
 188              	.LBB25:
  27:src/../h/tcb.hpp **** 
 189              		.loc 3 27 14 is_stmt 1
  27:src/../h/tcb.hpp **** 
 190              		.loc 3 27 23 is_stmt 0
 191 010c 03B50401 		ld	a0,16(s1)
  27:src/../h/tcb.hpp **** 
 192              		.loc 3 27 28
 193 0110 63060500 		beqz	a0,.L9
  27:src/../h/tcb.hpp **** 
 194              		.loc 3 27 23
 195 0114 97000000 		call	_ZdaPv@plt
 195      E7800000 
 196              	.LVL19:
 197              	.L9:
 198              	.LBE25:
 199              	.LBE24:
 200              	.LBB26:
 201              	.LBB27:
 202              		.loc 3 49 44 is_stmt 1
 203              		.loc 3 49 66 is_stmt 0
 204 011c 13850400 		mv	a0,s1
 205 0120 97000000 		call	_ZN15MemoryAllocator5freeeEPv@plt
 205      E7800000 
 206              	.LVL20:
 207              	.L8:
 208              	.LBE27:
 209              	.LBE26:
  58:src/main.cpp  ****     return 0;
 210              		.loc 1 58 5 is_stmt 1
  59:src/main.cpp  **** }...
GAS LISTING /tmp/cchzOdXy.s 			page 10


 211              		.loc 1 59 1 is_stmt 0
 212 0128 13050000 		li	a0,0
 213 012c 83308102 		ld	ra,40(sp)
 214              		.cfi_restore 1
 215 0130 03340102 		ld	s0,32(sp)
 216              		.cfi_restore 8
 217              		.cfi_def_cfa 2, 48
 218 0134 83348101 		ld	s1,24(sp)
 219              		.cfi_restore 9
 220              	.LVL21:
 221 0138 03390101 		ld	s2,16(sp)
 222              		.cfi_restore 18
 223              	.LVL22:
 224 013c 13010103 		addi	sp,sp,48
 225              		.cfi_def_cfa_offset 0
 226 0140 67800000 		jr	ra
 227              		.cfi_endproc
 228              	.LFE38:
 230              		.globl	b
 231              		.bss
 232              		.align	2
 233              		.set	.LANCHOR0,. + 0
 236              	b:
 237 0000 00000000 		.zero	4
 238              		.text
 239              	.Letext0:
 240              		.file 4 "src/../h/../lib/hw.h"
 241              		.file 5 "src/../h/../h/../h/MemoryDesc.hpp"
 242              		.file 6 "src/../h/../h/MemoryAllocator.hpp"
 243              		.file 7 "src/../h/list.hpp"
 244              		.file 8 "src/../h/syscall_c.h"
 245              		.file 9 "src/../test/printing.hpp"
 246              		.file 10 "src/../h/userMain.hpp"
GAS LISTING /tmp/cchzOdXy.s 			page 11


DEFINED SYMBOLS
                            *ABS*:0000000000000000 main.cpp
     /tmp/cchzOdXy.s:14     .text:0000000000000000 _Z11wrapperUserPv
     /tmp/cchzOdXy.s:18     .text:0000000000000000 .L0 
     /tmp/cchzOdXy.s:20     .text:0000000000000000 .L0 
     /tmp/cchzOdXy.s:21     .text:0000000000000004 .L0 
     /tmp/cchzOdXy.s:24     .text:000000000000000c .L0 
     /tmp/cchzOdXy.s:25     .text:000000000000000c .L0 
     /tmp/cchzOdXy.s:27     .text:0000000000000010 .L0 
     /tmp/cchzOdXy.s:29     .text:0000000000000010 .L0 
     /tmp/cchzOdXy.s:30     .text:0000000000000010 .L0 
     /tmp/cchzOdXy.s:33     .text:0000000000000018 .L0 
     /tmp/cchzOdXy.s:34     .text:0000000000000018 .L0 
     /tmp/cchzOdXy.s:38     .text:0000000000000028 .L0 
     /tmp/cchzOdXy.s:39     .text:0000000000000028 .L0 
     /tmp/cchzOdXy.s:42     .text:0000000000000034 .L0 
     /tmp/cchzOdXy.s:43     .text:0000000000000038 .L0 
     /tmp/cchzOdXy.s:45     .text:000000000000003c .L0 
     /tmp/cchzOdXy.s:46     .text:000000000000003c .L0 
     /tmp/cchzOdXy.s:48     .text:0000000000000040 .L0 
     /tmp/cchzOdXy.s:50     .text:0000000000000044 .L0 
     /tmp/cchzOdXy.s:61     .text:0000000000000044 main
     /tmp/cchzOdXy.s:64     .text:0000000000000044 .L0 
     /tmp/cchzOdXy.s:65     .text:0000000000000044 .L0 
     /tmp/cchzOdXy.s:66     .text:0000000000000048 .L0 
     /tmp/cchzOdXy.s:71     .text:0000000000000058 .L0 
     /tmp/cchzOdXy.s:72     .text:0000000000000058 .L0 
     /tmp/cchzOdXy.s:73     .text:0000000000000058 .L0 
     /tmp/cchzOdXy.s:74     .text:0000000000000058 .L0 
     /tmp/cchzOdXy.s:76     .text:000000000000005c .L0 
     /tmp/cchzOdXy.s:78     .text:000000000000005c .L0 
     /tmp/cchzOdXy.s:79     .text:000000000000005c .L0 
     /tmp/cchzOdXy.s:82     .text:0000000000000064 .L0 
     /tmp/cchzOdXy.s:83     .text:0000000000000064 .L0 
     /tmp/cchzOdXy.s:87     .text:0000000000000074 .L0 
     /tmp/cchzOdXy.s:88     .text:0000000000000074 .L0 
     /tmp/cchzOdXy.s:96     .text:000000000000008c .L0 
     /tmp/cchzOdXy.s:97     .text:000000000000008c .L0 
     /tmp/cchzOdXy.s:104    .text:00000000000000a0 .L0 
     /tmp/cchzOdXy.s:105    .text:00000000000000a0 .L0 
     /tmp/cchzOdXy.s:111    .text:00000000000000a8 .L0 
  src/../h/riscv.hpp:131    .text:00000000000000a8 .L0 
     /tmp/cchzOdXy.s:123    .text:00000000000000ac .L0 
     /tmp/cchzOdXy.s:124    .text:00000000000000ac .L0 
     /tmp/cchzOdXy.s:125    .text:00000000000000ac .L0 
     /tmp/cchzOdXy.s:135    .text:00000000000000b4 .L0 
     /tmp/cchzOdXy.s:136    .text:00000000000000b4 .L0 
     /tmp/cchzOdXy.s:138    .text:00000000000000b8 .L0 
     /tmp/cchzOdXy.s:139    .text:00000000000000b8 .L0 
     /tmp/cchzOdXy.s:146    .text:00000000000000d0 .L0 
     /tmp/cchzOdXy.s:147    .text:00000000000000d0 .L0 
     /tmp/cchzOdXy.s:150    .text:00000000000000dc .L0 
     /tmp/cchzOdXy.s:151    .text:00000000000000dc .L0 
     /tmp/cchzOdXy.s:156    .text:00000000000000e8 .L0 
     /tmp/cchzOdXy.s:157    .text:00000000000000e8 .L0 
     /tmp/cchzOdXy.s:163    .text:00000000000000ec .L0 
     /tmp/cchzOdXy.s:164    .text:00000000000000ec .L0 
GAS LISTING /tmp/cchzOdXy.s 			page 12


     /tmp/cchzOdXy.s:166    .text:00000000000000f0 .L0 
     /tmp/cchzOdXy.s:168    .text:00000000000000f4 .L0 
     /tmp/cchzOdXy.s:176    .text:00000000000000fc .L0 
     /tmp/cchzOdXy.s:177    .text:00000000000000fc .L0 
     /tmp/cchzOdXy.s:184    .text:0000000000000108 .L0 
     /tmp/cchzOdXy.s:185    .text:0000000000000108 .L0 
     /tmp/cchzOdXy.s:190    .text:000000000000010c .L0 
     /tmp/cchzOdXy.s:191    .text:000000000000010c .L0 
     /tmp/cchzOdXy.s:193    .text:0000000000000110 .L0 
     /tmp/cchzOdXy.s:195    .text:0000000000000114 .L0 
     /tmp/cchzOdXy.s:203    .text:000000000000011c .L0 
     /tmp/cchzOdXy.s:204    .text:000000000000011c .L0 
     /tmp/cchzOdXy.s:211    .text:0000000000000128 .L0 
     /tmp/cchzOdXy.s:212    .text:0000000000000128 .L0 
     /tmp/cchzOdXy.s:214    .text:0000000000000130 .L0 
     /tmp/cchzOdXy.s:216    .text:0000000000000134 .L0 
     /tmp/cchzOdXy.s:217    .text:0000000000000134 .L0 
     /tmp/cchzOdXy.s:219    .text:0000000000000138 .L0 
     /tmp/cchzOdXy.s:222    .text:000000000000013c .L0 
     /tmp/cchzOdXy.s:225    .text:0000000000000140 .L0 
     /tmp/cchzOdXy.s:227    .text:0000000000000144 .L0 
     /tmp/cchzOdXy.s:236    .bss:0000000000000000 b
     /tmp/cchzOdXy.s:233    .bss:0000000000000000 .LANCHOR0
     /tmp/cchzOdXy.s:247    .text:0000000000000144 .L0 
     /tmp/cchzOdXy.s:8      .rodata.str1.8:0000000000000000 .LC0
     /tmp/cchzOdXy.s:34     .text:0000000000000018 .L0 
     /tmp/cchzOdXy.s:40     .text:000000000000002c .L0 
     /tmp/cchzOdXy.s:55     .rodata.str1.8:0000000000000008 .LC1
     /tmp/cchzOdXy.s:83     .text:0000000000000064 .L0 
     /tmp/cchzOdXy.s:97     .text:000000000000008c .L0 
     /tmp/cchzOdXy.s:105    .text:00000000000000a0 .L0 
     /tmp/cchzOdXy.s:140    .text:00000000000000bc .L0 
     /tmp/cchzOdXy.s:147    .text:00000000000000d0 .L0 
     /tmp/cchzOdXy.s:154    .text:00000000000000e8 .L4
     /tmp/cchzOdXy.s:144    .text:00000000000000d0 .L5
     /tmp/cchzOdXy.s:180    .text:0000000000000108 .L6
     /tmp/cchzOdXy.s:170    .text:00000000000000fc .L7
     /tmp/cchzOdXy.s:207    .text:0000000000000128 .L8
     /tmp/cchzOdXy.s:197    .text:000000000000011c .L9
     /tmp/cchzOdXy.s:1632   .debug_abbrev:0000000000000000 .Ldebug_abbrev0
     /tmp/cchzOdXy.s:3114   .debug_str:0000000000000894 .LASF179
     /tmp/cchzOdXy.s:2910   .debug_str:00000000000002e4 .LASF180
     /tmp/cchzOdXy.s:3040   .debug_str:00000000000006aa .LASF181
     /tmp/cchzOdXy.s:5      .text:0000000000000000 .Ltext0
     /tmp/cchzOdXy.s:239    .text:0000000000000144 .Letext0
     /tmp/cchzOdXy.s:2810   .debug_line:0000000000000000 .Ldebug_line0
     /tmp/cchzOdXy.s:2938   .debug_str:00000000000003cd .LASF0
     /tmp/cchzOdXy.s:2968   .debug_str:00000000000004a4 .LASF1
     /tmp/cchzOdXy.s:3064   .debug_str:0000000000000758 .LASF2
     /tmp/cchzOdXy.s:3070   .debug_str:0000000000000788 .LASF4
     /tmp/cchzOdXy.s:2946   .debug_str:0000000000000409 .LASF3
     /tmp/cchzOdXy.s:2826   .debug_str:000000000000008c .LASF5
     /tmp/cchzOdXy.s:3030   .debug_str:000000000000066c .LASF6
     /tmp/cchzOdXy.s:3022   .debug_str:0000000000000628 .LASF7
     /tmp/cchzOdXy.s:2958   .debug_str:0000000000000467 .LASF8
     /tmp/cchzOdXy.s:2918   .debug_str:0000000000000319 .LASF9
     /tmp/cchzOdXy.s:2924   .debug_str:0000000000000351 .LASF10
GAS LISTING /tmp/cchzOdXy.s 			page 13


     /tmp/cchzOdXy.s:2858   .debug_str:0000000000000160 .LASF11
     /tmp/cchzOdXy.s:2908   .debug_str:00000000000002d5 .LASF12
     /tmp/cchzOdXy.s:2870   .debug_str:00000000000001b0 .LASF13
     /tmp/cchzOdXy.s:2856   .debug_str:0000000000000150 .LASF14
     /tmp/cchzOdXy.s:3102   .debug_str:000000000000084b .LASF15
     /tmp/cchzOdXy.s:2896   .debug_str:000000000000025d .LASF16
     /tmp/cchzOdXy.s:3092   .debug_str:0000000000000809 .LASF17
     /tmp/cchzOdXy.s:2984   .debug_str:000000000000050c .LASF97
     /tmp/cchzOdXy.s:2854   .debug_str:0000000000000146 .LASF18
     /tmp/cchzOdXy.s:2872   .debug_str:00000000000001c0 .LASF19
     /tmp/cchzOdXy.s:2950   .debug_str:0000000000000428 .LASF24
     /tmp/cchzOdXy.s:2860   .debug_str:000000000000016f .LASF20
     /tmp/cchzOdXy.s:2838   .debug_str:00000000000000da .LASF21
     /tmp/cchzOdXy.s:2966   .debug_str:000000000000049f .LASF22
     /tmp/cchzOdXy.s:3140   .debug_str:00000000000009db .LASF23
     /tmp/cchzOdXy.s:3016   .debug_str:00000000000005fb .LASF31
     /tmp/cchzOdXy.s:3124   .debug_str:0000000000000984 .LASF25
     /tmp/cchzOdXy.s:3002   .debug_str:000000000000057f .LASF26
     /tmp/cchzOdXy.s:3120   .debug_str:0000000000000976 .LASF27
     /tmp/cchzOdXy.s:3038   .debug_str:000000000000068d .LASF29
     /tmp/cchzOdXy.s:2906   .debug_str:00000000000002cf .LASF28
     /tmp/cchzOdXy.s:2914   .debug_str:00000000000002f6 .LASF30
     /tmp/cchzOdXy.s:3086   .debug_str:00000000000007e8 .LASF78
     /tmp/cchzOdXy.s:2874   .debug_str:00000000000001c5 .LASF80
     /tmp/cchzOdXy.s:3146   .debug_str:0000000000000a0f .LASF32
     /tmp/cchzOdXy.s:3130   .debug_str:000000000000099b .LASF182
     /tmp/cchzOdXy.s:3096   .debug_str:0000000000000832 .LASF33
     /tmp/cchzOdXy.s:2998   .debug_str:0000000000000573 .LASF34
     /tmp/cchzOdXy.s:2992   .debug_str:000000000000055a .LASF35
     /tmp/cchzOdXy.s:3094   .debug_str:000000000000081f .LASF36
     /tmp/cchzOdXy.s:2904   .debug_str:00000000000002b8 .LASF42
     /tmp/cchzOdXy.s:3066   .debug_str:0000000000000766 .LASF183
     /tmp/cchzOdXy.s:3052   .debug_str:0000000000000700 .LASF184
     /tmp/cchzOdXy.s:2962   .debug_str:000000000000048d .LASF37
     /tmp/cchzOdXy.s:2848   .debug_str:0000000000000112 .LASF38
     /tmp/cchzOdXy.s:2978   .debug_str:00000000000004eb .LASF39
     /tmp/cchzOdXy.s:2898   .debug_str:0000000000000273 .LASF40
     /tmp/cchzOdXy.s:3018   .debug_str:000000000000060b .LASF41
     /tmp/cchzOdXy.s:3150   .debug_str:0000000000000a29 .LASF43
     /tmp/cchzOdXy.s:3194   .debug_str:0000000000000b80 .LASF44
     /tmp/cchzOdXy.s:3182   .debug_str:0000000000000b1c .LASF45
     /tmp/cchzOdXy.s:3082   .debug_str:00000000000007d5 .LASF46
     /tmp/cchzOdXy.s:2956   .debug_str:000000000000044a .LASF47
     /tmp/cchzOdXy.s:3044   .debug_str:00000000000006dd .LASF48
     /tmp/cchzOdXy.s:2816   .debug_str:000000000000001f .LASF49
     /tmp/cchzOdXy.s:3106   .debug_str:000000000000085e .LASF50
     /tmp/cchzOdXy.s:3072   .debug_str:000000000000078f .LASF51
     /tmp/cchzOdXy.s:2820   .debug_str:0000000000000061 .LASF52
     /tmp/cchzOdXy.s:2970   .debug_str:00000000000004b7 .LASF53
     /tmp/cchzOdXy.s:3134   .debug_str:00000000000009ae .LASF54
     /tmp/cchzOdXy.s:3100   .debug_str:000000000000083e .LASF55
     /tmp/cchzOdXy.s:3160   .debug_str:0000000000000a6f .LASF56
     /tmp/cchzOdXy.s:3012   .debug_str:00000000000005d5 .LASF185
     /tmp/cchzOdXy.s:2812   .debug_str:0000000000000000 .LASF57
     /tmp/cchzOdXy.s:2876   .debug_str:00000000000001e5 .LASF58
     /tmp/cchzOdXy.s:2852   .debug_str:0000000000000135 .LASF59
     /tmp/cchzOdXy.s:3014   .debug_str:00000000000005da .LASF60
GAS LISTING /tmp/cchzOdXy.s 			page 14


     /tmp/cchzOdXy.s:3180   .debug_str:0000000000000b16 .LASF61
     /tmp/cchzOdXy.s:3148   .debug_str:0000000000000a19 .LASF62
     /tmp/cchzOdXy.s:3110   .debug_str:000000000000087f .LASF63
     /tmp/cchzOdXy.s:2912   .debug_str:00000000000002f1 .LASF64
     /tmp/cchzOdXy.s:2864   .debug_str:000000000000017e .LASF67
     /tmp/cchzOdXy.s:3166   .debug_str:0000000000000aa5 .LASF69
     /tmp/cchzOdXy.s:3188   .debug_str:0000000000000b63 .LASF65
     /tmp/cchzOdXy.s:2920   .debug_str:0000000000000329 .LASF66
     /tmp/cchzOdXy.s:2814   .debug_str:000000000000000f .LASF68
     /tmp/cchzOdXy.s:2982   .debug_str:00000000000004ff .LASF70
     /tmp/cchzOdXy.s:3176   .debug_str:0000000000000af2 .LASF186
     /tmp/cchzOdXy.s:2884   .debug_str:0000000000000220 .LASF71
     /tmp/cchzOdXy.s:2882   .debug_str:000000000000021a .LASF72
     /tmp/cchzOdXy.s:3122   .debug_str:000000000000097c .LASF73
     /tmp/cchzOdXy.s:3118   .debug_str:000000000000096c .LASF74
     /tmp/cchzOdXy.s:2948   .debug_str:000000000000041b .LASF75
     /tmp/cchzOdXy.s:2952   .debug_str:0000000000000433 .LASF76
     /tmp/cchzOdXy.s:3058   .debug_str:0000000000000734 .LASF77
     /tmp/cchzOdXy.s:2846   .debug_str:0000000000000104 .LASF84
     /tmp/cchzOdXy.s:2972   .debug_str:00000000000004c4 .LASF86
     /tmp/cchzOdXy.s:3178   .debug_str:0000000000000b08 .LASF151
     /tmp/cchzOdXy.s:2818   .debug_str:0000000000000039 .LASF153
     /tmp/cchzOdXy.s:3088   .debug_str:00000000000007f1 .LASF79
     /tmp/cchzOdXy.s:2954   .debug_str:000000000000043b .LASF81
     /tmp/cchzOdXy.s:3056   .debug_str:0000000000000729 .LASF82
     /tmp/cchzOdXy.s:3074   .debug_str:0000000000000794 .LASF83
     /tmp/cchzOdXy.s:3006   .debug_str:0000000000000590 .LASF85
     /tmp/cchzOdXy.s:2928   .debug_str:0000000000000371 .LASF87
     /tmp/cchzOdXy.s:2836   .debug_str:00000000000000d3 .LASF88
     /tmp/cchzOdXy.s:3142   .debug_str:00000000000009e2 .LASF89
     /tmp/cchzOdXy.s:2886   .debug_str:0000000000000225 .LASF90
     /tmp/cchzOdXy.s:2866   .debug_str:000000000000018a .LASF91
     /tmp/cchzOdXy.s:2888   .debug_str:000000000000022e .LASF92
     /tmp/cchzOdXy.s:3158   .debug_str:0000000000000a60 .LASF93
     /tmp/cchzOdXy.s:3104   .debug_str:0000000000000857 .LASF94
     /tmp/cchzOdXy.s:3020   .debug_str:0000000000000617 .LASF95
     /tmp/cchzOdXy.s:3080   .debug_str:00000000000007c4 .LASF96
     /tmp/cchzOdXy.s:3170   .debug_str:0000000000000ac5 .LASF187
     /tmp/cchzOdXy.s:2902   .debug_str:00000000000002b1 .LASF98
     /tmp/cchzOdXy.s:2844   .debug_str:00000000000000fb .LASF99
     /tmp/cchzOdXy.s:3084   .debug_str:00000000000007e0 .LASF100
     /tmp/cchzOdXy.s:2850   .debug_str:000000000000012f .LASF101
     /tmp/cchzOdXy.s:3032   .debug_str:0000000000000673 .LASF102
     /tmp/cchzOdXy.s:3190   .debug_str:0000000000000b70 .LASF103
     /tmp/cchzOdXy.s:2964   .debug_str:0000000000000496 .LASF104
     /tmp/cchzOdXy.s:3164   .debug_str:0000000000000aa0 .LASF105
     /tmp/cchzOdXy.s:3050   .debug_str:00000000000006fb .LASF106
     /tmp/cchzOdXy.s:3154   .debug_str:0000000000000a50 .LASF107
     /tmp/cchzOdXy.s:3136   .debug_str:00000000000009c7 .LASF188
     /tmp/cchzOdXy.s:2980   .debug_str:00000000000004f3 .LASF108
     /tmp/cchzOdXy.s:3112   .debug_str:0000000000000887 .LASF109
     /tmp/cchzOdXy.s:2880   .debug_str:000000000000020e .LASF110
     /tmp/cchzOdXy.s:2930   .debug_str:000000000000038b .LASF111
     /tmp/cchzOdXy.s:2934   .debug_str:00000000000003a8 .LASF112
     /tmp/cchzOdXy.s:3128   .debug_str:0000000000000992 .LASF115
     /tmp/cchzOdXy.s:2822   .debug_str:000000000000006d .LASF117
     /tmp/cchzOdXy.s:3060   .debug_str:0000000000000744 .LASF113
GAS LISTING /tmp/cchzOdXy.s 			page 15


     /tmp/cchzOdXy.s:3008   .debug_str:000000000000059f .LASF114
     /tmp/cchzOdXy.s:3034   .debug_str:000000000000067b .LASF116
     /tmp/cchzOdXy.s:3028   .debug_str:0000000000000659 .LASF118
     /tmp/cchzOdXy.s:3000   .debug_str:0000000000000578 .LASF119
     /tmp/cchzOdXy.s:2960   .debug_str:000000000000047a .LASF120
     /tmp/cchzOdXy.s:3168   .debug_str:0000000000000abd .LASF121
     /tmp/cchzOdXy.s:3116   .debug_str:0000000000000958 .LASF122
     /tmp/cchzOdXy.s:2996   .debug_str:000000000000056b .LASF123
     /tmp/cchzOdXy.s:3184   .debug_str:0000000000000b37 .LASF124
     /tmp/cchzOdXy.s:2974   .debug_str:00000000000004dd .LASF125
     /tmp/cchzOdXy.s:3042   .debug_str:00000000000006c9 .LASF126
     /tmp/cchzOdXy.s:3192   .debug_str:0000000000000b78 .LASF127
     /tmp/cchzOdXy.s:2944   .debug_str:00000000000003f5 .LASF128
     /tmp/cchzOdXy.s:3098   .debug_str:0000000000000837 .LASF129
     /tmp/cchzOdXy.s:3076   .debug_str:00000000000007aa .LASF130
     /tmp/cchzOdXy.s:3078   .debug_str:00000000000007bd .LASF131
     /tmp/cchzOdXy.s:2894   .debug_str:000000000000024a .LASF132
     /tmp/cchzOdXy.s:2890   .debug_str:0000000000000233 .LASF133
     /tmp/cchzOdXy.s:2932   .debug_str:0000000000000396 .LASF134
     /tmp/cchzOdXy.s:2942   .debug_str:00000000000003ef .LASF135
     /tmp/cchzOdXy.s:2926   .debug_str:000000000000035f .LASF136
     /tmp/cchzOdXy.s:2828   .debug_str:0000000000000093 .LASF137
     /tmp/cchzOdXy.s:3068   .debug_str:0000000000000770 .LASF138
     /tmp/cchzOdXy.s:3062   .debug_str:000000000000074d .LASF139
     /tmp/cchzOdXy.s:3186   .debug_str:0000000000000b4b .LASF140
     /tmp/cchzOdXy.s:3156   .debug_str:0000000000000a56 .LASF141
     /tmp/cchzOdXy.s:3172   .debug_str:0000000000000ad0 .LASF142
     /tmp/cchzOdXy.s:2862   .debug_str:0000000000000174 .LASF143
     /tmp/cchzOdXy.s:2988   .debug_str:0000000000000538 .LASF144
     /tmp/cchzOdXy.s:3162   .debug_str:0000000000000a91 .LASF145
     /tmp/cchzOdXy.s:2922   .debug_str:0000000000000335 .LASF146
     /tmp/cchzOdXy.s:2834   .debug_str:00000000000000c9 .LASF147
     /tmp/cchzOdXy.s:2830   .debug_str:000000000000009e .LASF148
     /tmp/cchzOdXy.s:3024   .debug_str:000000000000063b .LASF149
     /tmp/cchzOdXy.s:2900   .debug_str:000000000000028f .LASF150
     /tmp/cchzOdXy.s:2842   .debug_str:00000000000000ea .LASF152
     /tmp/cchzOdXy.s:2986   .debug_str:0000000000000519 .LASF154
     /tmp/cchzOdXy.s:3126   .debug_str:0000000000000989 .LASF155
     /tmp/cchzOdXy.s:2940   .debug_str:00000000000003da .LASF156
     /tmp/cchzOdXy.s:3036   .debug_str:0000000000000682 .LASF157
     /tmp/cchzOdXy.s:3108   .debug_str:0000000000000866 .LASF158
     /tmp/cchzOdXy.s:3144   .debug_str:0000000000000a06 .LASF159
     /tmp/cchzOdXy.s:2916   .debug_str:0000000000000314 .LASF160
     /tmp/cchzOdXy.s:62     .text:0000000000000044 .LFB38
     /tmp/cchzOdXy.s:228    .text:0000000000000144 .LFE38
     /tmp/cchzOdXy.s:2892   .debug_str:0000000000000239 .LASF161
     /tmp/cchzOdXy.s:2729   .debug_loc:0000000000000000 .LLST1
     /tmp/cchzOdXy.s:2840   .debug_str:00000000000000df .LASF162
     /tmp/cchzOdXy.s:2740   .debug_loc:0000000000000036 .LLST2
     /tmp/cchzOdXy.s:3048   .debug_str:00000000000006f6 .LASF163
     /tmp/cchzOdXy.s:107    .text:00000000000000a8 .LBB16
     /tmp/cchzOdXy.s:119    .text:00000000000000ac .LBE16
     /tmp/cchzOdXy.s:121    .text:00000000000000ac .LBB18
     /tmp/cchzOdXy.s:133    .text:00000000000000b4 .LBE18
     /tmp/cchzOdXy.s:2747   .debug_loc:0000000000000059 .LLST3
     /tmp/cchzOdXy.s:159    .text:00000000000000ec .LBB20
     /tmp/cchzOdXy.s:172    .text:00000000000000fc .LBE20
GAS LISTING /tmp/cchzOdXy.s 			page 16


     /tmp/cchzOdXy.s:2755   .debug_loc:000000000000007d .LLST4
     /tmp/cchzOdXy.s:169    .text:00000000000000fc .LVL16
     /tmp/cchzOdXy.s:173    .text:00000000000000fc .LBB22
     /tmp/cchzOdXy.s:182    .text:0000000000000108 .LBE22
     /tmp/cchzOdXy.s:2762   .debug_loc:00000000000000a0 .LLST5
     /tmp/cchzOdXy.s:179    .text:0000000000000108 .LVL17
     /tmp/cchzOdXy.s:187    .text:000000000000010c .LBB24
     /tmp/cchzOdXy.s:199    .text:000000000000011c .LBE24
     /tmp/cchzOdXy.s:2769   .debug_loc:00000000000000c3 .LLST6
     /tmp/cchzOdXy.s:196    .text:000000000000011c .LVL19
     /tmp/cchzOdXy.s:200    .text:000000000000011c .LBB26
     /tmp/cchzOdXy.s:209    .text:0000000000000128 .LBE26
     /tmp/cchzOdXy.s:2776   .debug_loc:00000000000000e6 .LLST7
     /tmp/cchzOdXy.s:206    .text:0000000000000128 .LVL20
     /tmp/cchzOdXy.s:80     .text:0000000000000064 .LVL3
     /tmp/cchzOdXy.s:85     .text:0000000000000074 .LVL4
     /tmp/cchzOdXy.s:92     .text:0000000000000088 .LVL5
     /tmp/cchzOdXy.s:100    .text:000000000000009c .LVL8
     /tmp/cchzOdXy.s:143    .text:00000000000000d0 .LVL13
     /tmp/cchzOdXy.s:152    .text:00000000000000e4 .LVL14
     /tmp/cchzOdXy.s:2994   .debug_str:000000000000055f .LASF164
     /tmp/cchzOdXy.s:3054   .debug_str:0000000000000717 .LASF165
     /tmp/cchzOdXy.s:15     .text:0000000000000000 .LFB37
     /tmp/cchzOdXy.s:51     .text:0000000000000044 .LFE37
     /tmp/cchzOdXy.s:2783   .debug_loc:0000000000000109 .LLST0
     /tmp/cchzOdXy.s:31     .text:0000000000000018 .LVL1
     /tmp/cchzOdXy.s:36     .text:0000000000000028 .LVL2
     /tmp/cchzOdXy.s:3138   .debug_str:00000000000009d6 .LASF166
     /tmp/cchzOdXy.s:2976   .debug_str:00000000000004e5 .LASF167
     /tmp/cchzOdXy.s:3152   .debug_str:0000000000000a47 .LASF168
     /tmp/cchzOdXy.s:2878   .debug_str:0000000000000209 .LASF169
     /tmp/cchzOdXy.s:2824   .debug_str:0000000000000082 .LASF170
     /tmp/cchzOdXy.s:2990   .debug_str:000000000000054e .LASF189
     /tmp/cchzOdXy.s:3004   .debug_str:0000000000000589 .LASF190
     /tmp/cchzOdXy.s:3090   .debug_str:00000000000007f6 .LASF191
     /tmp/cchzOdXy.s:2868   .debug_str:000000000000019d .LASF171
     /tmp/cchzOdXy.s:3174   .debug_str:0000000000000ae6 .LASF173
     /tmp/cchzOdXy.s:3010   .debug_str:00000000000005b4 .LASF172
     /tmp/cchzOdXy.s:3132   .debug_str:00000000000009a0 .LASF174
     /tmp/cchzOdXy.s:2832   .debug_str:00000000000000b4 .LASF175
     /tmp/cchzOdXy.s:3046   .debug_str:00000000000006e6 .LASF176
     /tmp/cchzOdXy.s:2936   .debug_str:00000000000003c0 .LASF177
     /tmp/cchzOdXy.s:3026   .debug_str:0000000000000650 .LASF178
     /tmp/cchzOdXy.s:94     .text:000000000000008c .LVL6
     /tmp/cchzOdXy.s:98     .text:0000000000000094 .LVL7
     /tmp/cchzOdXy.s:223    .text:000000000000013c .LVL22
     /tmp/cchzOdXy.s:102    .text:00000000000000a0 .LVL9
     /tmp/cchzOdXy.s:220    .text:0000000000000138 .LVL21
     /tmp/cchzOdXy.s:116    .text:00000000000000ac .LVL11
     /tmp/cchzOdXy.s:130    .text:00000000000000b4 .LVL12
     /tmp/cchzOdXy.s:158    .text:00000000000000ec .LVL15
     /tmp/cchzOdXy.s:186    .text:000000000000010c .LVL18
     /tmp/cchzOdXy.s:19     .text:0000000000000000 .LVL0
     /tmp/cchzOdXy.s:248    .debug_info:0000000000000000 .Ldebug_info0

UNDEFINED SYMBOLS
_Z8userMainv
GAS LISTING /tmp/cchzOdXy.s 			page 17


_Z11printStringPKc
_ZN15MemoryAllocator8mem_initEv
_ZN3TCB12createThreadEPFvPvES0_Pm
_ZN3TCB11idleWrapperEPv
_ZN3TCB16createIdleThreadEPFvPvE
_ZN5Riscv14supervisorTrapEv
_Z13thread_createPP3TCBPFvPvES2_
_Z15thread_dispatchv
_ZdaPv
_ZN15MemoryAllocator5freeeEPv
