GAS LISTING /tmp/ccOGy2DV.s 			page 1


   1              		.file	"scheduler.cpp"
   2              		.option pic
   3              		.option norelax
   4              		.text
   5              	.Ltext0:
   6              		.align	2
   8              	_Z41__static_initialization_and_destruction_0ii:
   9              	.LFB22:
  10              		.file 1 "src/scheduler.cpp"
   1:src/scheduler.cpp **** #include "../h/scheduler.hpp"
   2:src/scheduler.cpp **** 
   3:src/scheduler.cpp **** List<TCB> Scheduler::readyThreadQueue;
   4:src/scheduler.cpp **** 
   5:src/scheduler.cpp **** TCB *Scheduler::get()
   6:src/scheduler.cpp **** {
   7:src/scheduler.cpp ****     return readyThreadQueue.removeFirst();
   8:src/scheduler.cpp **** }
   9:src/scheduler.cpp **** 
  10:src/scheduler.cpp **** void Scheduler::put(TCB *tcb)
  11:src/scheduler.cpp **** {
  12:src/scheduler.cpp ****     readyThreadQueue.addLast(tcb);
  13:src/scheduler.cpp **** }...
  11              		.loc 1 13 1
  12              		.cfi_startproc
  13              	.LVL0:
  14 0000 130101FF 		addi	sp,sp,-16
  15              		.cfi_def_cfa_offset 16
  16 0004 23348100 		sd	s0,8(sp)
  17              		.cfi_offset 8, -8
  18 0008 13040101 		addi	s0,sp,16
  19              		.cfi_def_cfa 8, 0
  20              		.loc 1 13 1 is_stmt 0
  21 000c 93071000 		li	a5,1
  22 0010 6308F500 		beq	a0,a5,.L4
  23              	.L1:
  24 0014 03348100 		ld	s0,8(sp)
  25              		.cfi_remember_state
  26              		.cfi_restore 8
  27              		.cfi_def_cfa 2, 16
  28 0018 13010101 		addi	sp,sp,16
  29              		.cfi_def_cfa_offset 0
  30 001c 67800000 		jr	ra
  31              	.L4:
  32              		.cfi_restore_state
  33              		.loc 1 13 1 discriminator 1
  34 0020 B7070100 		li	a5,65536
  35 0024 9387F7FF 		addi	a5,a5,-1
  36 0028 E396F5FE 		bne	a1,a5,.L1
  37              	.LVL1:
  38              	.LBB23:
  39              	.LBB24:
  40              	.LBB25:
  41              		.file 2 "src/../h/list.hpp"
   1:src/../h/list.hpp **** #ifndef OS1_VEZBE07_RISCV_CONTEXT_SWITCH_2_INTERRUPT_LIST_HPP
   2:src/../h/list.hpp **** #define OS1_VEZBE07_RISCV_CONTEXT_SWITCH_2_INTERRUPT_LIST_HPP
   3:src/../h/list.hpp **** 
   4:src/../h/list.hpp **** #include "../h/MemoryAllocator.hpp"
GAS LISTING /tmp/ccOGy2DV.s 			page 2


   5:src/../h/list.hpp **** 
   6:src/../h/list.hpp **** template<typename T>
   7:src/../h/list.hpp **** class List
   8:src/../h/list.hpp **** {
   9:src/../h/list.hpp **** 
  10:src/../h/list.hpp **** public:
  11:src/../h/list.hpp **** 
  12:src/../h/list.hpp ****     struct Elem
  13:src/../h/list.hpp ****     {
  14:src/../h/list.hpp ****         T *data;
  15:src/../h/list.hpp ****         Elem *next;
  16:src/../h/list.hpp **** 
  17:src/../h/list.hpp ****         Elem(T *data, Elem *next) : data(data), next(next) {}
  18:src/../h/list.hpp **** 
  19:src/../h/list.hpp ****         void *operator new(size_t size) { return MemoryAllocator::alloc(size); }
  20:src/../h/list.hpp ****         void operator delete(void *toFree) { MemoryAllocator::freee(toFree); }
  21:src/../h/list.hpp ****     };
  22:src/../h/list.hpp **** 
  23:src/../h/list.hpp ****     Elem *head, *tail;
  24:src/../h/list.hpp ****     List() : head(0), tail(0) {}
  42              		.loc 2 24 29
  43 002c 97070000 		lla	a5,.LANCHOR0
  43      93870700 
  44 0034 23B00700 		sd	zero,0(a5)
  45 0038 23B40700 		sd	zero,8(a5)
  46              	.LVL2:
  47              	.LBE25:
  48              	.LBE24:
  49              	.LBE23:
  50              		.loc 1 13 1
  51 003c 6FF09FFD 		j	.L1
  52              		.cfi_endproc
  53              	.LFE22:
  55              		.align	2
  56              		.globl	_ZN9Scheduler3getEv
  58              	_ZN9Scheduler3getEv:
  59              	.LFB10:
   6:src/scheduler.cpp **** {
  60              		.loc 1 6 1 is_stmt 1
  61              		.cfi_startproc
  62 0040 130101FE 		addi	sp,sp,-32
  63              		.cfi_def_cfa_offset 32
  64 0044 233C1100 		sd	ra,24(sp)
  65 0048 23388100 		sd	s0,16(sp)
  66 004c 23349100 		sd	s1,8(sp)
  67              		.cfi_offset 1, -8
  68              		.cfi_offset 8, -16
  69              		.cfi_offset 9, -24
  70 0050 13040102 		addi	s0,sp,32
  71              		.cfi_def_cfa 8, 0
   7:src/scheduler.cpp ****     return readyThreadQueue.removeFirst();
  72              		.loc 1 7 5
  73              	.LVL3:
  74              	.LBB26:
  75              	.LBB27:
  25:src/../h/list.hpp **** 
  26:src/../h/list.hpp ****     List(const List<T> &) = delete;
GAS LISTING /tmp/ccOGy2DV.s 			page 3


  27:src/../h/list.hpp **** 
  28:src/../h/list.hpp ****     List<T> &operator=(const List<T> &) = delete;
  29:src/../h/list.hpp **** 
  30:src/../h/list.hpp ****     void addFirst(T *data)
  31:src/../h/list.hpp ****     {
  32:src/../h/list.hpp ****         Elem *elem = new Elem(data, head);
  33:src/../h/list.hpp ****         head = elem;
  34:src/../h/list.hpp ****         if (!tail) { tail = head; }
  35:src/../h/list.hpp ****     }
  36:src/../h/list.hpp **** 
  37:src/../h/list.hpp ****     void addLast(T *data)
  38:src/../h/list.hpp ****     {
  39:src/../h/list.hpp ****         Elem *elem = new Elem(data, 0);
  40:src/../h/list.hpp ****         if (tail)
  41:src/../h/list.hpp ****         {
  42:src/../h/list.hpp ****             tail->next = elem;
  43:src/../h/list.hpp ****             tail = elem;
  44:src/../h/list.hpp ****         } else
  45:src/../h/list.hpp ****         {
  46:src/../h/list.hpp ****             head = tail = elem;
  47:src/../h/list.hpp ****         }
  48:src/../h/list.hpp ****     }
  49:src/../h/list.hpp **** 
  50:src/../h/list.hpp ****     T *removeFirst()
  51:src/../h/list.hpp ****     {
  52:src/../h/list.hpp ****         if (!head) { return 0; }
  76              		.loc 2 52 14 is_stmt 0
  77 0054 17050000 		ld	a0,.LANCHOR0
  77      03350500 
  78              		.loc 2 52 9
  79 005c 63020504 		beqz	a0,.L8
  80              	.LVL4:
  53:src/../h/list.hpp **** 
  54:src/../h/list.hpp ****         Elem *elem = head;
  55:src/../h/list.hpp ****         head = head->next;
  81              		.loc 2 55 22
  82 0060 83378500 		ld	a5,8(a0)
  83              		.loc 2 55 9
  84 0064 17070000 		sd	a5,.LANCHOR0,a4
  84      2330F700 
  56:src/../h/list.hpp ****         if (!head) { tail = 0; }
  85              		.loc 2 56 9
  86 006c 63840702 		beqz	a5,.L10
  87              	.L7:
  57:src/../h/list.hpp **** 
  58:src/../h/list.hpp ****         T *ret = elem->data;
  88              		.loc 2 58 12
  89 0070 83340500 		ld	s1,0(a0)
  90              	.LVL5:
  91              	.LBB28:
  92              	.LBB29:
  20:src/../h/list.hpp ****     };
  93              		.loc 2 20 68
  94 0074 97000000 		call	_ZN15MemoryAllocator5freeeEPv@plt
  94      E7800000 
  95              	.LVL6:
  96              	.L5:
GAS LISTING /tmp/ccOGy2DV.s 			page 4


  97              	.LBE29:
  98              	.LBE28:
  99              	.LBE27:
 100              	.LBE26:
   8:src/scheduler.cpp **** }
 101              		.loc 1 8 1
 102 007c 13850400 		mv	a0,s1
 103 0080 83308101 		ld	ra,24(sp)
 104              		.cfi_remember_state
 105              		.cfi_restore 1
 106 0084 03340101 		ld	s0,16(sp)
 107              		.cfi_restore 8
 108              		.cfi_def_cfa 2, 32
 109 0088 83348100 		ld	s1,8(sp)
 110              		.cfi_restore 9
 111 008c 13010102 		addi	sp,sp,32
 112              		.cfi_def_cfa_offset 0
 113 0090 67800000 		jr	ra
 114              	.LVL7:
 115              	.L10:
 116              		.cfi_restore_state
 117              	.LBB31:
 118              	.LBB30:
  56:src/../h/list.hpp **** 
 119              		.loc 2 56 22
 120 0094 97070000 		sd	zero,.LANCHOR0+8,a5
 120      23B00700 
 121 009c 6FF05FFD 		j	.L7
 122              	.LVL8:
 123              	.L8:
  52:src/../h/list.hpp **** 
 124              		.loc 2 52 29
 125 00a0 93040500 		mv	s1,a0
 126              	.LVL9:
 127              	.LBE30:
 128              	.LBE31:
   7:src/scheduler.cpp ****     return readyThreadQueue.removeFirst();
 129              		.loc 1 7 41
 130 00a4 6FF09FFD 		j	.L5
 131              		.cfi_endproc
 132              	.LFE10:
 134              		.align	2
 135              		.globl	_ZN9Scheduler3putEP3TCB
 137              	_ZN9Scheduler3putEP3TCB:
 138              	.LFB11:
  11:src/scheduler.cpp **** {
 139              		.loc 1 11 1 is_stmt 1
 140              		.cfi_startproc
 141              	.LVL10:
 142 00a8 130101FE 		addi	sp,sp,-32
 143              		.cfi_def_cfa_offset 32
 144 00ac 233C1100 		sd	ra,24(sp)
 145 00b0 23388100 		sd	s0,16(sp)
 146 00b4 23349100 		sd	s1,8(sp)
 147              		.cfi_offset 1, -8
 148              		.cfi_offset 8, -16
 149              		.cfi_offset 9, -24
GAS LISTING /tmp/ccOGy2DV.s 			page 5


 150 00b8 13040102 		addi	s0,sp,32
 151              		.cfi_def_cfa 8, 0
 152 00bc 93040500 		mv	s1,a0
  12:src/scheduler.cpp ****     readyThreadQueue.addLast(tcb);
 153              		.loc 1 12 5
 154              	.LVL11:
 155              	.LBB32:
 156              	.LBB33:
 157              	.LBB34:
 158              	.LBB35:
  19:src/../h/list.hpp ****         void operator delete(void *toFree) { MemoryAllocator::freee(toFree); }
 159              		.loc 2 19 72 is_stmt 0
 160 00c0 13050001 		li	a0,16
 161              	.LVL12:
 162 00c4 97000000 		call	_ZN15MemoryAllocator5allocEm@plt
 162      E7800000 
 163              	.LVL13:
 164              	.LBE35:
 165              	.LBE34:
 166              	.LBB36:
 167              	.LBB37:
  17:src/../h/list.hpp **** 
 168              		.loc 2 17 58
 169 00cc 23309500 		sd	s1,0(a0)
 170 00d0 23340500 		sd	zero,8(a0)
 171              	.LVL14:
 172              	.LBE37:
 173              	.LBE36:
  40:src/../h/list.hpp ****         {
 174              		.loc 2 40 13
 175 00d4 97070000 		ld	a5,.LANCHOR0+8
 175      83B70700 
  40:src/../h/list.hpp ****         {
 176              		.loc 2 40 9
 177 00dc 63820702 		beqz	a5,.L12
  42:src/../h/list.hpp ****             tail = elem;
 178              		.loc 2 42 13
 179 00e0 23B4A700 		sd	a0,8(a5)
  43:src/../h/list.hpp ****         } else
 180              		.loc 2 43 13
 181 00e4 97070000 		sd	a0,.LANCHOR0+8,a5
 181      23B0A700 
 182              	.LVL15:
 183              	.L11:
 184              	.LBE33:
 185              	.LBE32:
 186              		.loc 1 13 1
 187 00ec 83308101 		ld	ra,24(sp)
 188              		.cfi_remember_state
 189              		.cfi_restore 1
 190 00f0 03340101 		ld	s0,16(sp)
 191              		.cfi_restore 8
 192              		.cfi_def_cfa 2, 32
 193 00f4 83348100 		ld	s1,8(sp)
 194              		.cfi_restore 9
 195              	.LVL16:
 196 00f8 13010102 		addi	sp,sp,32
GAS LISTING /tmp/ccOGy2DV.s 			page 6


 197              		.cfi_def_cfa_offset 0
 198 00fc 67800000 		jr	ra
 199              	.LVL17:
 200              	.L12:
 201              		.cfi_restore_state
 202              	.LBB39:
 203              	.LBB38:
  46:src/../h/list.hpp ****         }
 204              		.loc 2 46 13
 205 0100 97070000 		lla	a5,.LANCHOR0
 205      93870700 
 206 0108 23B4A700 		sd	a0,8(a5)
 207 010c 23B0A700 		sd	a0,0(a5)
 208              	.LVL18:
 209              	.LBE38:
 210              	.LBE39:
 211              		.loc 1 13 1
 212 0110 6FF0DFFD 		j	.L11
 213              		.cfi_endproc
 214              	.LFE11:
 216              		.align	2
 218              	_GLOBAL__sub_I__ZN9Scheduler16readyThreadQueueE:
 219              	.LFB23:
 220              		.loc 1 13 1 is_stmt 1
 221              		.cfi_startproc
 222 0114 130101FF 		addi	sp,sp,-16
 223              		.cfi_def_cfa_offset 16
 224 0118 23341100 		sd	ra,8(sp)
 225 011c 23308100 		sd	s0,0(sp)
 226              		.cfi_offset 1, -8
 227              		.cfi_offset 8, -16
 228 0120 13040101 		addi	s0,sp,16
 229              		.cfi_def_cfa 8, 0
 230              		.loc 1 13 1 is_stmt 0
 231 0124 B7050100 		li	a1,65536
 232 0128 9385F5FF 		addi	a1,a1,-1
 233 012c 13051000 		li	a0,1
 234 0130 97000000 		call	_Z41__static_initialization_and_destruction_0ii
 234      E7800000 
 235              	.LVL19:
 236 0138 83308100 		ld	ra,8(sp)
 237              		.cfi_restore 1
 238 013c 03340100 		ld	s0,0(sp)
 239              		.cfi_restore 8
 240              		.cfi_def_cfa 2, 16
 241 0140 13010101 		addi	sp,sp,16
 242              		.cfi_def_cfa_offset 0
 243 0144 67800000 		jr	ra
 244              		.cfi_endproc
 245              	.LFE23:
 247              		.section	.init_array,"aw"
 248              		.align	3
 249 0000 00000000 		.dword	_GLOBAL__sub_I__ZN9Scheduler16readyThreadQueueE
 249      00000000 
 250              		.globl	_ZN9Scheduler16readyThreadQueueE
 251              		.bss
 252              		.align	3
GAS LISTING /tmp/ccOGy2DV.s 			page 7


 253              		.set	.LANCHOR0,. + 0
 256              	_ZN9Scheduler16readyThreadQueueE:
 257 0000 00000000 		.zero	16
 257      00000000 
 257      00000000 
 257      00000000 
 258              		.text
 259              	.Letext0:
 260              		.file 3 "src/../h/../h/../h/../lib/hw.h"
 261              		.file 4 "src/../h/../h/../h/MemoryDesc.hpp"
 262              		.file 5 "src/../h/../h/MemoryAllocator.hpp"
 263              		.file 6 "src/../h/scheduler.hpp"
GAS LISTING /tmp/ccOGy2DV.s 			page 8


DEFINED SYMBOLS
                            *ABS*:0000000000000000 scheduler.cpp
     /tmp/ccOGy2DV.s:8      .text:0000000000000000 _Z41__static_initialization_and_destruction_0ii
     /tmp/ccOGy2DV.s:12     .text:0000000000000000 .L0 
     /tmp/ccOGy2DV.s:14     .text:0000000000000000 .L0 
     /tmp/ccOGy2DV.s:15     .text:0000000000000004 .L0 
     /tmp/ccOGy2DV.s:17     .text:0000000000000008 .L0 
     /tmp/ccOGy2DV.s:19     .text:000000000000000c .L0 
     /tmp/ccOGy2DV.s:21     .text:000000000000000c .L0 
     /tmp/ccOGy2DV.s:25     .text:0000000000000018 .L0 
     /tmp/ccOGy2DV.s:26     .text:0000000000000018 .L0 
     /tmp/ccOGy2DV.s:27     .text:0000000000000018 .L0 
     /tmp/ccOGy2DV.s:29     .text:000000000000001c .L0 
     /tmp/ccOGy2DV.s:32     .text:0000000000000020 .L0 
     /tmp/ccOGy2DV.s:34     .text:0000000000000020 .L0 
     /tmp/ccOGy2DV.s:43     .text:000000000000002c .L0 
     /tmp/ccOGy2DV.s:51     .text:000000000000003c .L0 
     /tmp/ccOGy2DV.s:52     .text:0000000000000040 .L0 
     /tmp/ccOGy2DV.s:58     .text:0000000000000040 _ZN9Scheduler3getEv
     /tmp/ccOGy2DV.s:61     .text:0000000000000040 .L0 
     /tmp/ccOGy2DV.s:62     .text:0000000000000040 .L0 
     /tmp/ccOGy2DV.s:63     .text:0000000000000044 .L0 
     /tmp/ccOGy2DV.s:67     .text:0000000000000050 .L0 
     /tmp/ccOGy2DV.s:68     .text:0000000000000050 .L0 
     /tmp/ccOGy2DV.s:69     .text:0000000000000050 .L0 
     /tmp/ccOGy2DV.s:71     .text:0000000000000054 .L0 
     /tmp/ccOGy2DV.s:76     .text:0000000000000054 .L0 
     /tmp/ccOGy2DV.s:77     .text:0000000000000054 .L0 
     /tmp/ccOGy2DV.s:79     .text:000000000000005c .L0 
     /tmp/ccOGy2DV.s:82     .text:0000000000000060 .L0 
     /tmp/ccOGy2DV.s:84     .text:0000000000000064 .L0 
     /tmp/ccOGy2DV.s:86     .text:000000000000006c .L0 
     /tmp/ccOGy2DV.s:89     .text:0000000000000070 .L0 
     /tmp/ccOGy2DV.s:94     .text:0000000000000074 .L0 
     /tmp/ccOGy2DV.s:102    .text:000000000000007c .L0 
     /tmp/ccOGy2DV.s:104    .text:0000000000000084 .L0 
     /tmp/ccOGy2DV.s:105    .text:0000000000000084 .L0 
     /tmp/ccOGy2DV.s:107    .text:0000000000000088 .L0 
     /tmp/ccOGy2DV.s:108    .text:0000000000000088 .L0 
     /tmp/ccOGy2DV.s:110    .text:000000000000008c .L0 
     /tmp/ccOGy2DV.s:112    .text:0000000000000090 .L0 
     /tmp/ccOGy2DV.s:116    .text:0000000000000094 .L0 
     /tmp/ccOGy2DV.s:120    .text:0000000000000094 .L0 
     /tmp/ccOGy2DV.s:125    .text:00000000000000a0 .L0 
     /tmp/ccOGy2DV.s:130    .text:00000000000000a4 .L0 
     /tmp/ccOGy2DV.s:131    .text:00000000000000a8 .L0 
     /tmp/ccOGy2DV.s:137    .text:00000000000000a8 _ZN9Scheduler3putEP3TCB
     /tmp/ccOGy2DV.s:140    .text:00000000000000a8 .L0 
     /tmp/ccOGy2DV.s:142    .text:00000000000000a8 .L0 
     /tmp/ccOGy2DV.s:143    .text:00000000000000ac .L0 
     /tmp/ccOGy2DV.s:147    .text:00000000000000b8 .L0 
     /tmp/ccOGy2DV.s:148    .text:00000000000000b8 .L0 
     /tmp/ccOGy2DV.s:149    .text:00000000000000b8 .L0 
     /tmp/ccOGy2DV.s:151    .text:00000000000000bc .L0 
     /tmp/ccOGy2DV.s:159    .text:00000000000000c0 .L0 
     /tmp/ccOGy2DV.s:160    .text:00000000000000c0 .L0 
     /tmp/ccOGy2DV.s:169    .text:00000000000000cc .L0 
GAS LISTING /tmp/ccOGy2DV.s 			page 9


     /tmp/ccOGy2DV.s:175    .text:00000000000000d4 .L0 
     /tmp/ccOGy2DV.s:177    .text:00000000000000dc .L0 
     /tmp/ccOGy2DV.s:179    .text:00000000000000e0 .L0 
     /tmp/ccOGy2DV.s:181    .text:00000000000000e4 .L0 
     /tmp/ccOGy2DV.s:187    .text:00000000000000ec .L0 
     /tmp/ccOGy2DV.s:188    .text:00000000000000f0 .L0 
     /tmp/ccOGy2DV.s:189    .text:00000000000000f0 .L0 
     /tmp/ccOGy2DV.s:191    .text:00000000000000f4 .L0 
     /tmp/ccOGy2DV.s:192    .text:00000000000000f4 .L0 
     /tmp/ccOGy2DV.s:194    .text:00000000000000f8 .L0 
     /tmp/ccOGy2DV.s:197    .text:00000000000000fc .L0 
     /tmp/ccOGy2DV.s:201    .text:0000000000000100 .L0 
     /tmp/ccOGy2DV.s:205    .text:0000000000000100 .L0 
     /tmp/ccOGy2DV.s:212    .text:0000000000000110 .L0 
     /tmp/ccOGy2DV.s:213    .text:0000000000000114 .L0 
     /tmp/ccOGy2DV.s:218    .text:0000000000000114 _GLOBAL__sub_I__ZN9Scheduler16readyThreadQueueE
     /tmp/ccOGy2DV.s:221    .text:0000000000000114 .L0 
     /tmp/ccOGy2DV.s:222    .text:0000000000000114 .L0 
     /tmp/ccOGy2DV.s:223    .text:0000000000000118 .L0 
     /tmp/ccOGy2DV.s:226    .text:0000000000000120 .L0 
     /tmp/ccOGy2DV.s:227    .text:0000000000000120 .L0 
     /tmp/ccOGy2DV.s:229    .text:0000000000000124 .L0 
     /tmp/ccOGy2DV.s:231    .text:0000000000000124 .L0 
     /tmp/ccOGy2DV.s:237    .text:000000000000013c .L0 
     /tmp/ccOGy2DV.s:239    .text:0000000000000140 .L0 
     /tmp/ccOGy2DV.s:240    .text:0000000000000140 .L0 
     /tmp/ccOGy2DV.s:242    .text:0000000000000144 .L0 
     /tmp/ccOGy2DV.s:244    .text:0000000000000148 .L0 
     /tmp/ccOGy2DV.s:256    .bss:0000000000000000 _ZN9Scheduler16readyThreadQueueE
     /tmp/ccOGy2DV.s:253    .bss:0000000000000000 .LANCHOR0
     /tmp/ccOGy2DV.s:264    .text:0000000000000148 .L0 
     /tmp/ccOGy2DV.s:43     .text:000000000000002c .L0 
     /tmp/ccOGy2DV.s:77     .text:0000000000000054 .L0 
     /tmp/ccOGy2DV.s:84     .text:0000000000000064 .L0 
     /tmp/ccOGy2DV.s:120    .text:0000000000000094 .L0 
     /tmp/ccOGy2DV.s:175    .text:00000000000000d4 .L0 
     /tmp/ccOGy2DV.s:181    .text:00000000000000e4 .L0 
     /tmp/ccOGy2DV.s:205    .text:0000000000000100 .L0 
     /tmp/ccOGy2DV.s:31     .text:0000000000000020 .L4
     /tmp/ccOGy2DV.s:23     .text:0000000000000014 .L1
     /tmp/ccOGy2DV.s:123    .text:00000000000000a0 .L8
     /tmp/ccOGy2DV.s:115    .text:0000000000000094 .L10
     /tmp/ccOGy2DV.s:87     .text:0000000000000070 .L7
     /tmp/ccOGy2DV.s:96     .text:000000000000007c .L5
     /tmp/ccOGy2DV.s:200    .text:0000000000000100 .L12
     /tmp/ccOGy2DV.s:183    .text:00000000000000ec .L11
     /tmp/ccOGy2DV.s:1074   .debug_abbrev:0000000000000000 .Ldebug_abbrev0
     /tmp/ccOGy2DV.s:2263   .debug_str:00000000000002c4 .LASF64
     /tmp/ccOGy2DV.s:2245   .debug_str:0000000000000213 .LASF65
     /tmp/ccOGy2DV.s:2289   .debug_str:000000000000040c .LASF66
     /tmp/ccOGy2DV.s:5      .text:0000000000000000 .Ltext0
     /tmp/ccOGy2DV.s:259    .text:0000000000000148 .Letext0
     /tmp/ccOGy2DV.s:2179   .debug_line:0000000000000000 .Ldebug_line0
     /tmp/ccOGy2DV.s:2279   .debug_str:00000000000003c5 .LASF0
     /tmp/ccOGy2DV.s:2251   .debug_str:0000000000000261 .LASF1
     /tmp/ccOGy2DV.s:2239   .debug_str:00000000000001e3 .LASF2
     /tmp/ccOGy2DV.s:2203   .debug_str:00000000000000ad .LASF4
GAS LISTING /tmp/ccOGy2DV.s 			page 10


     /tmp/ccOGy2DV.s:2249   .debug_str:000000000000024f .LASF3
     /tmp/ccOGy2DV.s:2187   .debug_str:0000000000000040 .LASF5
     /tmp/ccOGy2DV.s:2181   .debug_str:0000000000000000 .LASF6
     /tmp/ccOGy2DV.s:2229   .debug_str:0000000000000194 .LASF7
     /tmp/ccOGy2DV.s:2295   .debug_str:0000000000000450 .LASF8
     /tmp/ccOGy2DV.s:2199   .debug_str:000000000000007e .LASF9
     /tmp/ccOGy2DV.s:2335   .debug_str:0000000000000598 .LASF10
     /tmp/ccOGy2DV.s:2235   .debug_str:00000000000001ca .LASF11
     /tmp/ccOGy2DV.s:2325   .debug_str:0000000000000561 .LASF12
     /tmp/ccOGy2DV.s:2305   .debug_str:0000000000000499 .LASF13
     /tmp/ccOGy2DV.s:2255   .debug_str:000000000000027e .LASF14
     /tmp/ccOGy2DV.s:2217   .debug_str:0000000000000136 .LASF15
     /tmp/ccOGy2DV.s:2299   .debug_str:0000000000000479 .LASF16
     /tmp/ccOGy2DV.s:2195   .debug_str:000000000000005d .LASF67
     /tmp/ccOGy2DV.s:2253   .debug_str:0000000000000274 .LASF17
     /tmp/ccOGy2DV.s:2303   .debug_str:0000000000000494 .LASF18
     /tmp/ccOGy2DV.s:2273   .debug_str:00000000000003a7 .LASF23
     /tmp/ccOGy2DV.s:2189   .debug_str:0000000000000047 .LASF19
     /tmp/ccOGy2DV.s:2331   .debug_str:0000000000000580 .LASF20
     /tmp/ccOGy2DV.s:2329   .debug_str:000000000000057b .LASF21
     /tmp/ccOGy2DV.s:2219   .debug_str:000000000000014c .LASF22
     /tmp/ccOGy2DV.s:2185   .debug_str:0000000000000030 .LASF30
     /tmp/ccOGy2DV.s:2307   .debug_str:00000000000004a9 .LASF24
     /tmp/ccOGy2DV.s:2275   .debug_str:00000000000003b2 .LASF25
     /tmp/ccOGy2DV.s:2323   .debug_str:000000000000055b .LASF26
     /tmp/ccOGy2DV.s:2183   .debug_str:0000000000000013 .LASF28
     /tmp/ccOGy2DV.s:2191   .debug_str:000000000000004c .LASF27
     /tmp/ccOGy2DV.s:2319   .debug_str:000000000000051e .LASF29
     /tmp/ccOGy2DV.s:2215   .debug_str:000000000000012d .LASF68
     /tmp/ccOGy2DV.s:2207   .debug_str:00000000000000e4 .LASF69
     /tmp/ccOGy2DV.s:2227   .debug_str:000000000000018a .LASF31
     /tmp/ccOGy2DV.s:2221   .debug_str:0000000000000153 .LASF70
     /tmp/ccOGy2DV.s:2197   .debug_str:000000000000006a .LASF71
     /tmp/ccOGy2DV.s:2211   .debug_str:0000000000000110 .LASF72
     /tmp/ccOGy2DV.s:2261   .debug_str:00000000000002ba .LASF32
     /tmp/ccOGy2DV.s:2301   .debug_str:000000000000048f .LASF34
     /tmp/ccOGy2DV.s:2233   .debug_str:00000000000001c5 .LASF33
     /tmp/ccOGy2DV.s:2321   .debug_str:000000000000053c .LASF36
     /tmp/ccOGy2DV.s:2287   .debug_str:00000000000003ff .LASF35
     /tmp/ccOGy2DV.s:2285   .debug_str:00000000000003e7 .LASF37
     /tmp/ccOGy2DV.s:2283   .debug_str:00000000000003d7 .LASF73
     /tmp/ccOGy2DV.s:2297   .debug_str:0000000000000460 .LASF74
     /tmp/ccOGy2DV.s:2267   .debug_str:0000000000000390 .LASF38
     /tmp/ccOGy2DV.s:2317   .debug_str:0000000000000519 .LASF39
     /tmp/ccOGy2DV.s:2213   .debug_str:0000000000000128 .LASF40
     /tmp/ccOGy2DV.s:2333   .debug_str:0000000000000585 .LASF41
     /tmp/ccOGy2DV.s:2225   .debug_str:0000000000000173 .LASF47
     /tmp/ccOGy2DV.s:2327   .debug_str:0000000000000571 .LASF75
     /tmp/ccOGy2DV.s:2309   .debug_str:00000000000004ae .LASF76
     /tmp/ccOGy2DV.s:2277   .debug_str:00000000000003bc .LASF42
     /tmp/ccOGy2DV.s:2257   .debug_str:000000000000028a .LASF43
     /tmp/ccOGy2DV.s:2265   .debug_str:0000000000000388 .LASF44
     /tmp/ccOGy2DV.s:2293   .debug_str:0000000000000434 .LASF45
     /tmp/ccOGy2DV.s:2209   .debug_str:0000000000000104 .LASF46
     /tmp/ccOGy2DV.s:2231   .debug_str:00000000000001a7 .LASF48
     /tmp/ccOGy2DV.s:2237   .debug_str:00000000000001d9 .LASF49
     /tmp/ccOGy2DV.s:2315   .debug_str:00000000000004fe .LASF50
GAS LISTING /tmp/ccOGy2DV.s 			page 11


     /tmp/ccOGy2DV.s:2193   .debug_str:0000000000000052 .LASF51
     /tmp/ccOGy2DV.s:2243   .debug_str:00000000000001f6 .LASF52
     /tmp/ccOGy2DV.s:2291   .debug_str:000000000000042b .LASF53
     /tmp/ccOGy2DV.s:2311   .debug_str:00000000000004c5 .LASF54
     /tmp/ccOGy2DV.s:2201   .debug_str:000000000000008c .LASF77
     /tmp/ccOGy2DV.s:2205   .debug_str:00000000000000b4 .LASF55
     /tmp/ccOGy2DV.s:219    .text:0000000000000114 .LFB23
     /tmp/ccOGy2DV.s:245    .text:0000000000000148 .LFE23
     /tmp/ccOGy2DV.s:235    .text:0000000000000138 .LVL19
     /tmp/ccOGy2DV.s:2247   .debug_str:0000000000000225 .LASF56
     /tmp/ccOGy2DV.s:9      .text:0000000000000000 .LFB22
     /tmp/ccOGy2DV.s:53     .text:0000000000000040 .LFE22
     /tmp/ccOGy2DV.s:2223   .debug_str:0000000000000164 .LASF57
     /tmp/ccOGy2DV.s:2269   .debug_str:0000000000000395 .LASF58
     /tmp/ccOGy2DV.s:38     .text:000000000000002c .LBB23
     /tmp/ccOGy2DV.s:49     .text:000000000000003c .LBE23
     /tmp/ccOGy2DV.s:2021   .debug_loc:0000000000000000 .LLST0
     /tmp/ccOGy2DV.s:2241   .debug_str:00000000000001f1 .LASF60
     /tmp/ccOGy2DV.s:2313   .debug_str:00000000000004df .LASF62
     /tmp/ccOGy2DV.s:2271   .debug_str:00000000000003a0 .LASF59
     /tmp/ccOGy2DV.s:2281   .debug_str:00000000000003d2 .LASF61
     /tmp/ccOGy2DV.s:2259   .debug_str:00000000000002a7 .LASF63
     /tmp/ccOGy2DV.s:138    .text:00000000000000a8 .LFB11
     /tmp/ccOGy2DV.s:214    .text:0000000000000114 .LFE11
     /tmp/ccOGy2DV.s:2030   .debug_loc:000000000000002c .LLST5
     /tmp/ccOGy2DV.s:155    .text:00000000000000c0 .LBB32
     /tmp/ccOGy2DV.s:2165   .debug_ranges:0000000000000000 .Ldebug_ranges0
     /tmp/ccOGy2DV.s:2052   .debug_loc:000000000000008b .LLST6
     /tmp/ccOGy2DV.s:2067   .debug_loc:00000000000000d4 .LLST7
     /tmp/ccOGy2DV.s:157    .text:00000000000000c0 .LBB34
     /tmp/ccOGy2DV.s:165    .text:00000000000000cc .LBE34
     /tmp/ccOGy2DV.s:2082   .debug_loc:000000000000011c .LLST8
     /tmp/ccOGy2DV.s:163    .text:00000000000000cc .LVL13
     /tmp/ccOGy2DV.s:166    .text:00000000000000cc .LBB36
     /tmp/ccOGy2DV.s:173    .text:00000000000000d4 .LBE36
     /tmp/ccOGy2DV.s:2090   .debug_loc:0000000000000140 .LLST9
     /tmp/ccOGy2DV.s:2098   .debug_loc:0000000000000164 .LLST10
     /tmp/ccOGy2DV.s:2105   .debug_loc:0000000000000187 .LLST11
     /tmp/ccOGy2DV.s:59     .text:0000000000000040 .LFB10
     /tmp/ccOGy2DV.s:132    .text:00000000000000a8 .LFE10
     /tmp/ccOGy2DV.s:74     .text:0000000000000054 .LBB26
     /tmp/ccOGy2DV.s:2112   .debug_loc:00000000000001aa .LLST1
     /tmp/ccOGy2DV.s:2127   .debug_loc:00000000000001f2 .LLST2
     /tmp/ccOGy2DV.s:2138   .debug_loc:0000000000000228 .LLST3
     /tmp/ccOGy2DV.s:91     .text:0000000000000074 .LBB28
     /tmp/ccOGy2DV.s:98     .text:000000000000007c .LBE28
     /tmp/ccOGy2DV.s:2145   .debug_loc:000000000000024b .LLST4
     /tmp/ccOGy2DV.s:95     .text:000000000000007c .LVL6
     /tmp/ccOGy2DV.s:37     .text:000000000000002c .LVL1
     /tmp/ccOGy2DV.s:46     .text:000000000000003c .LVL2
     /tmp/ccOGy2DV.s:141    .text:00000000000000a8 .LVL10
     /tmp/ccOGy2DV.s:161    .text:00000000000000c4 .LVL12
     /tmp/ccOGy2DV.s:195    .text:00000000000000f8 .LVL16
     /tmp/ccOGy2DV.s:199    .text:0000000000000100 .LVL17
     /tmp/ccOGy2DV.s:154    .text:00000000000000c0 .LVL11
     /tmp/ccOGy2DV.s:182    .text:00000000000000ec .LVL15
     /tmp/ccOGy2DV.s:208    .text:0000000000000110 .LVL18
GAS LISTING /tmp/ccOGy2DV.s 			page 12


     /tmp/ccOGy2DV.s:171    .text:00000000000000d4 .LVL14
     /tmp/ccOGy2DV.s:73     .text:0000000000000054 .LVL3
     /tmp/ccOGy2DV.s:114    .text:0000000000000094 .LVL7
     /tmp/ccOGy2DV.s:126    .text:00000000000000a4 .LVL9
     /tmp/ccOGy2DV.s:80     .text:0000000000000060 .LVL4
     /tmp/ccOGy2DV.s:122    .text:00000000000000a0 .LVL8
     /tmp/ccOGy2DV.s:90     .text:0000000000000074 .LVL5
     /tmp/ccOGy2DV.s:265    .debug_info:0000000000000000 .Ldebug_info0
     /tmp/ccOGy2DV.s:100    .text:000000000000007c .LBE26
     /tmp/ccOGy2DV.s:117    .text:0000000000000094 .LBB31
     /tmp/ccOGy2DV.s:128    .text:00000000000000a4 .LBE31
     /tmp/ccOGy2DV.s:185    .text:00000000000000ec .LBE32
     /tmp/ccOGy2DV.s:202    .text:0000000000000100 .LBB39
     /tmp/ccOGy2DV.s:210    .text:0000000000000110 .LBE39

UNDEFINED SYMBOLS
_ZN15MemoryAllocator5freeeEPv
_ZN15MemoryAllocator5allocEm
